安装 setup-2.8.14-10.el6.noarch
warning: setup-2.8.14-10.el6.noarch: Header V3 RSA/SHA256 Signature, key ID fd431d51: NOKEY
安装 tzdata-2010l-1.el6.noarch
安装 ca-certificates-2010.63-3.el6.noarch
安装 filesystem-2.4.30-2.1.el6.i686
安装 fontpackages-filesystem-1.41-1.1.el6.noarch
安装 xml-common-0.6.3-32.el6.noarch
安装 iso-codes-3.16-2.el6.noarch
安装 mailcap-2.1.31-1.1.el6.noarch
安装 cjkuni-fonts-common-0.2.20080216.1-34.el6.noarch
安装 liberation-fonts-common-1.05.1.20090721-4.el6.noarch
安装 dejavu-fonts-common-2.30-2.el6.noarch
安装 basesystem-10.0-4.el6.noarch
安装 dmz-cursor-themes-0.4-4.el6.noarch
安装 poppler-data-0.4.0-1.el6.noarch
安装 kernel-headers-2.6.32-71.el6.i686
安装 libX11-common-1.3-2.el6.noarch
安装 mobile-broadband-provider-info-1.20100122-1.el6.noarch
安装 ncurses-base-5.7-3.20090208.el6.i686
安装 ksig-doc-1.1-0.10.20080213.el6.noarch
安装 konq-plugins-doc-4.3.3-5.el6.noarch
安装 kmid-common-2.0-0.14.20080213svn.el6.noarch
安装 busybox-1.15.1-10.el6.i686
安装 oxygen-cursor-themes-4.3.4-19.el6.noarch
安装 kcoloredit-doc-4.3.3-2.el6.noarch
安装 kbd-misc-1.15-11.el6.noarch
安装 tzdata-java-2010l-1.el6.noarch
安装 redhat-release-server-6Server-6.0.0.37.el6.i686
安装 kernel-firmware-2.6.32-71.el6.noarch
安装 cjkuni-uming-fonts-0.2.20080216.1-34.el6.noarch
安装 cjkuni-ukai-fonts-0.2.20080216.1-34.el6.noarch
安装 ql2400-firmware-5.03.02-1.el6.noarch
安装 iwl5000-firmware-8.24.2.12-3.el6.noarch
安装 libertas-usb8388-firmware-5.110.22.p23-3.1.el6.noarch
安装 rootfiles-8.1-6.1.el6.noarch
安装 xorg-x11-drv-ati-firmware-6.13.0-6.el6.noarch
安装 atmel-firmware-1.3-7.el6.noarch
安装 iwl4965-firmware-228.61.2.24-2.1.el6.noarch
安装 iwl1000-firmware-128.50.3.1-1.1.el6.noarch
安装 iwl3945-firmware-15.32.2.9-4.el6.noarch
安装 ql2200-firmware-2.02.08-3.1.el6.noarch
安装 rt61pci-firmware-1.2-7.el6.noarch
安装 rt73usb-firmware-1.8-7.el6.noarch
安装 ql2100-firmware-1.19.38-3.1.el6.noarch
安装 ql2500-firmware-5.03.02-2.el6.noarch
安装 zd1211-firmware-1.4-4.el6.noarch
安装 ipw2100-firmware-1.3-11.el6.noarch
安装 ql23xx-firmware-3.03.27-3.1.el6.noarch
安装 ipw2200-firmware-3.1-4.el6.noarch
安装 ivtv-firmware-20080701-20.2.noarch
安装 man-pages-3.22-12.el6.noarch
安装 words-3.0-17.el6.noarch
安装 redhat-indexhtml-6-1.el6.noarch
安装 libgcc-4.4.4-13.el6.i686
安装 glibc-common-2.12-1.7.el6.i686
安装 nss-softokn-freebl-3.12.7-1.1.el6.i686
安装 glibc-2.12-1.7.el6.i686
安装 ncurses-libs-5.7-3.20090208.el6.i686
安装 bash-4.1.2-3.el6.i686
安装 libstdc++-4.4.4-13.el6.i686
安装 zlib-1.2.3-25.el6.i686
安装 dbus-libs-1.2.24-3.el6.i686
安装 freetype-2.3.11-5.el6.i686
安装 info-4.13a-8.el6.i686
安装 libxml2-2.7.6-1.el6.i686
安装 libICE-1.0.6-1.el6.i686
安装 libcom_err-1.41.12-3.el6.i686
安装 libjpeg-6b-46.el6.i686
安装 popt-1.13-7.el6.i686
安装 chkconfig-1.3.47-1.el6.i686
安装 libpng-1.2.44-1.el6.i686
安装 nspr-4.8.6-1.el6.i686
安装 bzip2-libs-1.0.5-6.1.el6.i686
安装 expat-2.0.1-9.1.el6.i686
安装 libXau-1.0.5-1.el6.i686
安装 db4-4.7.25-16.el6.i686
安装 audit-libs-2.0.4-1.el6.i686
安装 libXdmcp-1.0.3-1.el6.i686
安装 nss-util-3.12.7-1.el6.i686
安装 libogg-1.1.4-2.1.el6.i686
安装 gawk-3.1.7-6.el6.i686
安装 libuuid-2.17.2-6.el6.i686
安装 libSM-1.1.0-7.1.el6.i686
安装 readline-6.0-3.el6.i686
安装 gmp-4.3.1-7.el6.i686
安装 sqlite-3.6.20-1.el6.i686
安装 libvorbis-1.2.3-4.el6.i686
安装 cyrus-sasl-lib-2.1.23-8.el6.i686
安装 libtiff-3.9.4-1.el6.i686
安装 libsepol-2.0.41-3.el6.i686
安装 libselinux-2.0.94-2.el6.i686
安装 glib2-2.22.5-5.el6.i686
安装 gamin-0.1.10-9.el6.i686
安装 atk-1.28.0-2.el6.i686
安装 shadow-utils-4.1.4.2-8.el6.i686
安装 dbus-glib-0.86-5.el6.i686
安装 sed-4.2.1-5.el6.i686
安装 libattr-2.4.44-4.el6.i686
安装 libcap-2.16-5.2.el6.i686
安装 libacl-2.2.49-4.el6.i686
安装 tcp_wrappers-libs-7.6-56.3.el6.i686
安装 elfutils-libelf-0.148-1.el6.i686
安装 libtdb-1.2.1-2.el6.i686
安装 libusb-0.1.12-23.el6.i686
安装 libtalloc-2.0.1-1.1.el6.i686
安装 pkgconfig-0.23-9.1.el6.i686
安装 libgpg-error-1.7-3.el6.i686
安装 xz-libs-4.999.9-0.3.beta.20091007git.el6.i686
安装 libart_lgpl-2.3.20-5.1.el6.i686
安装 findutils-4.4.2-6.el6.i686
安装 libblkid-2.17.2-6.el6.i686
安装 pcre-7.8-3.1.el6.i686
安装 grep-2.6.3-2.el6.i686
安装 jasper-libs-1.900.1-15.el6.i686
安装 xmlrpc-c-1.16.24-1200.1840.el6.i686
安装 which-2.19-5.1.el6.i686
安装 libidn-1.18-2.el6.i686
安装 libtool-ltdl-2.2.6-15.5.el6.i686
安装 libgcrypt-1.4.5-3.el6.i686
安装 binutils-2.20.51.0.2-5.11.el6.i686
安装 file-libs-5.04-5.el6.i686
安装 keyutils-libs-1.4-1.el6.i686
安装 krb5-libs-1.8.2-3.el6.i686
安装 libcap-ng-0.6.4-3.el6.i686
安装 dbus-1.2.24-3.el6.i686
安装 libudev-147-2.29.el6.i686
安装 libgudev1-147-2.29.el6.i686
安装 lcms-libs-1.19-1.el6.i686
安装 hal-libs-0.5.14-8.el6.i686
安装 libxslt-1.1.26-2.el6.i686
安装 libutempter-1.1.5-4.1.el6.i686
安装 apr-1.3.9-3.el6.i686
安装 apr-util-1.3.9-3.el6.i686
安装 bzip2-1.0.5-6.1.el6.i686
安装 m4-1.4.13-5.el6.i686
安装 avahi-libs-0.6.25-8.el6.i686
安装 psmisc-22.6-15.el6.i686
安装 lua-5.1.4-4.1.el6.i686
安装 libtheora-1.1.0-2.el6.i686
安装 cpio-2.10-9.el6.i686
安装 libgomp-4.4.4-13.el6.i686
安装 diffutils-2.8.1-28.el6.i686
安装 ilmbase-1.0.1-6.1.el6.i686
安装 clucene-core-0.9.21b-1.el6.i686
安装 procps-3.2.8-14.el6.i686
安装 pciutils-libs-3.1.4-9.el6.i686
安装 libexif-0.6.16-4.1.el6.i686
安装 libnl-1.1-12.el6.i686
安装 libasyncns-0.8-1.1.el6.i686
安装 OpenEXR-libs-1.6.1-8.1.el6.i686
安装 libgssglue-0.1-8.1.el6.i686
安装 libtirpc-0.2.1-1.el6.i686
安装 less-436-4.el6.i686
安装 xz-4.999.9-0.3.beta.20091007git.el6.i686
安装 elfutils-libs-0.148-1.el6.i686
安装 libtevent-0.9.8-8.el6.i686
安装 tar-1.23-3.el6.i686
安装 desktop-file-utils-0.15-9.el6.i686
安装 patch-2.6-6.el6.i686
安装 mpfr-2.4.1-6.el6.i686
安装 libxcb-1.5-1.el6.i686
安装 libX11-1.3-2.el6.i686
安装 libXext-1.1-3.el6.i686
安装 libXrender-0.9.5-1.el6.i686
安装 libXpm-3.5.8-2.el6.i686
安装 libXi-1.3-3.el6.i686
安装 libXtst-1.0.99.2-3.el6.i686
安装 libXt-1.0.7-1.el6.i686
安装 libXfixes-4.0.4-1.el6.i686
安装 libXrandr-1.3.0-4.el6.i686
安装 libXcursor-1.1.10-2.el6.i686
安装 libXmu-1.0.5-1.el6.i686
安装 libXinerama-1.1-1.el6.i686
安装 libXdamage-1.1.2-1.el6.i686
安装 libXxf86vm-1.1.0-1.el6.i686
安装 libXaw-1.0.6-4.1.el6.i686
安装 libXcomposite-0.4.1-2.el6.i686
安装 libXxf86misc-1.0.2-1.el6.i686
安装 libXScrnSaver-1.2.0-1.el6.i686
安装 libXv-1.0.5-1.el6.i686
安装 iptables-1.4.7-3.el6.i686
安装 e2fsprogs-libs-1.41.12-3.el6.i686
安装 libfontenc-1.0.5-2.el6.i686
安装 hunspell-1.2.8-16.el6.i686
安装 libgfortran-4.4.4-13.el6.i686
安装 sysvinit-tools-2.87-3.dsf.el6.i686
安装 libraw1394-2.0.4-1.el6.i686
安装 libv4l-0.6.3-2.el6.i686
安装 openjpeg-libs-1.3-7.el6.i686
安装 enchant-1.5.0-4.el6.i686
安装 iproute-2.6.32-10.el6.i686
安装 giflib-4.1.6-3.1.el6.i686
安装 dbus-x11-1.2.24-3.el6.i686
安装 ibus-libs-1.3.4-3.el6.i686
安装 libxkbfile-1.0.6-1.1.el6.i686
安装 elfutils-0.148-1.el6.i686
安装 xz-lzma-compat-4.999.9-0.3.beta.20091007git.el6.i686
安装 libmng-1.0.10-4.1.el6.i686
安装 cyrus-sasl-gssapi-2.1.23-8.el6.i686
安装 file-5.04-5.el6.i686
安装 crash-5.0.0-23.el6.i686
安装 shared-mime-info-0.70-4.el6.i686
安装 vim-minimal-7.2.411-1.4.el6.i686
安装 acl-2.2.49-4.el6.i686
安装 pinentry-0.7.6-5.el6.i686
安装 libIDL-0.8.13-2.1.el6.i686
安装 ORBit2-2.14.17-3.1.el6.i686
安装 libbonobo-2.24.2-4.el6.i686
安装 net-tools-1.60-102.el6.i686
安装 libselinux-utils-2.0.94-2.el6.i686
安装 checkpolicy-2.0.22-1.el6.i686
安装 nss-softokn-3.12.7-1.1.el6.i686
安装 bc-1.06.95-1.el6.i686
安装 flac-1.2.1-6.1.el6.i686
安装 exiv2-libs-0.18.2-2.1.el6.i686
安装 libss-1.41.12-3.el6.i686
安装 make-3.81-19.el6.i686
安装 taglib-1.6.1-1.1.el6.i686
安装 cdparanoia-libs-10.2-5.1.el6.i686
安装 libedit-2.11-4.20080712cvs.1.el6.i686
安装 eject-2.1.5-17.el6.i686
安装 slang-2.2.1-1.el6.i686
安装 newt-0.52.11-2.el6.i686
安装 pth-2.0.7-9.3.el6.i686
安装 gdbm-1.8.0-36.el6.i686
安装 perl-Pod-Escapes-1.04-115.el6.i686
安装 perl-libs-5.10.1-115.el6.i686
安装 perl-version-0.77-115.el6.i686
安装 perl-Module-Pluggable-3.90-115.el6.i686
安装 perl-Pod-Simple-3.13-115.el6.i686
安装 perl-5.10.1-115.el6.i686
安装 perl-DBI-1.609-4.el6.i686
安装 perl-Compress-Raw-Zlib-2.023-115.el6.i686
安装 libcollection-0.5.0-28.el6.i686
安装 libpcap-1.0.0-6.20091201git117cb5.el6.i686
安装 libtasn1-2.3-3.el6.i686
安装 gnutls-2.8.5-4.el6.i686
安装 cups-libs-1.4.2-35.el6.i686
安装 speex-1.2-0.12.rc1.1.el6.i686
安装 pcsc-lite-libs-1.5.2-6.el6.i686
安装 libdaemon-0.14-1.el6.i686
安装 libusb1-1.0.3-1.el6.i686
安装 libieee1284-0.2.11-9.el6.i686
安装 libdc1394-2.1.2-3.4.el6.i686
安装 avahi-autoipd-0.6.25-8.el6.i686
安装 libini_config-0.5.1-28.el6.i686
安装 perl-Newt-1.08-26.el6.i686
安装 perl-BSD-Resource-1.29.03-3.el6.i686
安装 perl-Time-HiRes-1.9721-115.el6.i686
安装 perl-Digest-SHA-5.47-115.el6.i686
安装 perl-Time-Piece-1.15-115.el6.i686
安装 e2fsprogs-1.41.12-3.el6.i686
安装 libxklavier-4.0-7.el6.i686
安装 atlas-3.8.3-12.4.el6.i686
安装 libXfont-1.4.1-1.el6.i686
安装 xorg-x11-font-utils-7.2-10.el6.i686
安装 iptables-ipv6-1.4.7-3.el6.i686
安装 xorg-x11-xauth-1.0.2-7.1.el6.i686
安装 libXxf86dga-1.1.1-1.el6.i686
安装 libdmx-1.1.0-1.el6.i686
安装 xorg-x11-utils-7.4-8.el6.i686
安装 libXres-1.0.4-1.el6.i686
安装 xcb-util-0.3.6-1.el6.i686
安装 startup-notification-0.10-2.1.el6.i686
安装 cpp-4.4.4-13.el6.i686
安装 iw-0.9.17-4.el6.i686
安装 tmpwatch-2.9.16-3.el6.i686
安装 ModemManager-0.4.0-3.git20100628.el6.i686
安装 keyutils-1.4-1.el6.i686
安装 gstreamer-tools-0.10.29-1.el6.i686
安装 gstreamer-0.10.29-1.el6.i686
安装 jasper-1.900.1-15.el6.i686
安装 grubby-7.0.15-2.el6.i686
安装 tcp_wrappers-7.6-56.3.el6.i686
安装 rsync-3.0.6-5.el6.i686
安装 eggdbus-0.6-3.el6.i686
安装 lockdev-1.0.1-18.el6.i686
安装 libgphoto2-2.4.7-4.el6.i686
安装 MAKEDEV-3.24-6.el6.i686
安装 meanwhile-1.1.0-3.el6.i686
安装 libcroco-0.6.2-5.el6.i686
安装 ppl-0.10.2-11.el6.i686
安装 cloog-ppl-0.15.7-1.2.el6.i686
安装 db4-utils-4.7.25-16.el6.i686
安装 libmusicbrainz-2.1.5-11.1.el6.i686
安装 unzip-6.0-1.el6.i686
安装 libvncserver-0.9.7-4.el6.i686
安装 ed-1.1-3.3.el6.i686
安装 time-1.7-37.1.el6.i686
安装 dbus-qt-0.70-7.2.el6.i686
安装 libnih-1.0.1-6.el6.i686
安装 upstart-0.6.5-6.1.el6.i686
安装 libtar-1.2.11-16.el6.i686
安装 boost-program-options-1.41.0-11.el6.i686
安装 gettext-libs-0.17-16.el6.i686
安装 libicu-4.2.1-9.el6.i686
安装 libhugetlbfs-2.8-2.el6.i686
安装 vim-common-7.2.411-1.4.el6.i686
安装 portreserve-0.0.4-4.el6.i686
安装 ncurses-5.7-3.20090208.el6.i686
安装 coreutils-libs-8.4-9.el6.i686
安装 gzip-1.3.12-18.el6.i686
安装 cracklib-2.8.16-2.el6.i686
安装 cracklib-dicts-2.8.16-2.el6.i686
安装 coreutils-8.4-9.el6.i686
安装 pam-1.1.1-4.el6.i686
安装 fontconfig-2.8.0-3.el6.i686
安装 openssl-1.0.0-4.el6.i686
安装 qt-4.6.2-16.el6.i686
安装 openldap-2.4.19-15.el6.i686
安装 libXft-2.1.13-4.1.el6.i686
安装 alsa-lib-1.0.21-3.el6.i686
安装 qca2-2.0.2-2.1.el6.i686
安装 module-init-tools-3.9-17.el6.i686
安装 strigi-libs-0.7.0-2.el6.i686
安装 libsndfile-1.0.20-3.el6.i686
安装 pulseaudio-libs-0.9.21-13.el6.i686
安装 mysql-libs-5.1.47-4.el6.i686
安装 qt3-3.3.8b-29.el6.i686
安装 libsamplerate-0.1.7-2.1.el6.i686
安装 samba-winbind-clients-3.5.4-68.el6.i686
安装 ConsoleKit-libs-0.4.1-3.el6.i686
安装 polkit-0.96-2.el6.i686
安装 ConsoleKit-0.4.1-3.el6.i686
安装 festival-speechtools-libs-1.2.96-18.el6.i686
安装 libuser-0.56.13-4.el6.i686
安装 passwd-0.77-4.el6.i686
安装 libssh2-1.2.2-7.el6.i686
安装 poppler-0.12.4-3.el6.i686
安装 logrotate-3.7.8-12.el6.i686
安装 ppp-2.4.5-5.el6.i686
安装 genisoimage-1.1.9-11.el6.i686
安装 rpcbind-0.2.0-8.el6.i686
安装 dvd+rw-tools-7.1-5.el6.i686
安装 poppler-utils-0.12.4-3.el6.i686
安装 festival-lib-1.96-18.el6.i686
安装 festvox-slt-arctic-hts-0.20061229-18.el6.noarch
安装 festival-1.96-18.el6.i686
安装 ConsoleKit-x11-0.4.1-3.el6.i686
安装 rtkit-0.5-1.el6.i686
安装 libsmbclient-3.5.4-68.el6.i686
安装 qt-mysql-4.6.2-16.el6.i686
安装 mysql-5.1.47-4.el6.i686
安装 perl-DBD-MySQL-4.013-3.el6.i686
安装 pulseaudio-utils-0.9.21-13.el6.i686
安装 qca-ossl-2.0.0-0.8.beta3.1.el6.i686
安装 alsa-utils-1.0.21-3.el6.i686
安装 xorg-x11-apps-7.4-10.el6.i686
安装 xterm-253-1.el6.i686
安装 sudo-1.7.2p2-9.el6.i686
安装 apr-util-ldap-1.3.9-3.el6.i686
安装 libldb-0.9.10-23.el6.i686
安装 pam_ldap-185-5.el6.i686
安装 postgresql-libs-8.4.4-2.el6.i686
安装 qt-sqlite-4.6.2-16.el6.i686
安装 wget-1.12-1.4.el6.i686
安装 bind-libs-9.7.0-5.P2.el6.i686
安装 httpd-tools-2.2.15-5.el6.i686
安装 libmsn-4.0-0.15.beta8.1.el6.i686
安装 libarchive-2.8.3-2.el6.i686
安装 fipscheck-lib-1.2.0-4.1.el6.i686
安装 fipscheck-1.2.0-4.1.el6.i686
安装 htdig-3.2.0-0.10.b6.el6.i686
安装 gd-2.0.35-10.el6.i686
安装 at-3.1.10-42.el6.i686
安装 cvs-1.11.23-11.el6.i686
安装 pam_krb5-2.3.11-1.el6.i686
安装 sssd-client-1.2.1-28.el6.i686
安装 krb5-workstation-1.8.2-3.el6.i686
安装 wodim-1.1.9-11.el6.i686
安装 groff-1.18.1.4-21.el6.i686
安装 nss-sysinit-3.12.7-2.el6.i686
安装 nss-3.12.7-2.el6.i686
安装 libcurl-7.19.7-16.el6.i686
安装 xmlrpc-c-client-1.16.24-1200.1840.el6.i686
安装 abrt-libs-1.1.13-4.el6.i686
安装 raptor-1.4.18-5.el6.i686
安装 gnupg2-2.0.14-4.el6.i686
安装 gpgme-1.1.8-3.el6.i686
安装 curl-7.19.7-16.el6.i686
安装 rpm-libs-4.8.0-12.el6.i686
安装 rpm-4.8.0-12.el6.i686
安装 abrt-1.1.13-4.el6.i686
安装 man-1.6f-29.el6.i686
安装 NetworkManager-glib-0.8.1-5.el6.i686
安装 mailx-12.4-6.el6.i686
安装 abrt-addon-kerneloops-1.1.13-4.el6.i686
安装 abrt-plugin-logger-1.1.13-4.el6.i686
安装 abrt-plugin-rhtsupport-1.1.13-4.el6.i686
安装 rasqal-0.9.15-6.1.el6.i686
安装 redland-1.0.7-11.el6.i686
安装 soprano-2.3.1-1.2.el6.i686
安装 nss_compat_ossl-0.9.6-1.el6.i686
安装 nscd-2.12-1.7.el6.i686
安装 libaio-0.3.107-10.el6.i686
安装 ethtool-2.6.33-0.3.el6.i686
安装 zip-3.0-1.el6.i686
安装 hesiod-3.1.0-19.el6.i686
安装 mingetty-1.08-4.1.el6.i686
安装 libmpcdec-1.2.6-6.1.el6.i686
安装 libevent-1.4.13-1.el6.i686
安装 plymouth-core-libs-0.8.3-17.el6.i686
安装 hdparm-9.16-3.4.el6.i686
安装 pax-3.4-10.1.el6.i686
安装 libdhash-0.4.0-28.el6.i686
安装 c-ares-1.7.0-5.el6.i686
安装 gpm-libs-1.20.6-11.el6.i686
安装 libwmf-lite-0.2.8.4-22.el6.i686
安装 audiofile-0.2.6-11.1.el6.i686
安装 arts-1.5.10-10.el6.i686
安装 pixman-0.16.6-1.el6.i686
安装 cairo-1.8.8-3.1.el6.i686
安装 sgpio-1.2.0.10-5.el6.i686
安装 dash-0.5.5.1-3.1.el6.i686
安装 dmidecode-2.10-1.30.1.el6.i686
安装 libdvdread-4.1.4-0.2.svn1183.el6.i686
安装 libical-0.43-5.1.el6.i686
安装 lm_sensors-libs-3.1.1-10.el6.i686
安装 ksysguardd-4.3.4-19.el6.i686
安装 sg3_utils-libs-1.28-3.el6.i686
安装 ustr-1.0.4-9.1.el6.i686
安装 libsemanage-2.0.43-4.el6.i686
安装 pakchois-0.4-3.2.el6.i686
安装 libthai-0.1.12-3.el6.i686
安装 pango-1.28.1-3.el6.i686
安装 bluez-libs-4.66-1.el6.i686
安装 pilot-link-0.12.4-6.el6.i686
安装 libffi-3.0.5-3.2.el6.i686
安装 python-libs-2.6.5-3.el6.i686
安装 python-2.6.5-3.el6.i686
安装 report-config-ftp-0.18-7.el6.i686
安装 report-plugin-ftp-0.18-7.el6.i686
安装 report-config-localsave-0.18-7.el6.i686
安装 report-plugin-localsave-0.18-7.el6.i686
安装 report-0.18-7.el6.i686
安装 report-plugin-scp-0.18-7.el6.i686
安装 report-config-scp-0.18-7.el6.i686
安装 libxml2-python-2.7.6-1.el6.i686
安装 dbus-python-0.83.0-6.1.el6.i686
安装 rpm-python-4.8.0-12.el6.i686
安装 gettext-0.17-16.el6.i686
安装 newt-python-0.52.11-2.el6.i686
安装 python-ethtool-0.3-5.1.el6.i686
安装 pygobject2-2.20.0-5.el6.i686
安装 pycairo-1.8.6-2.1.el6.i686
安装 python-gudev-147.1-4.el6.i686
安装 authconfig-6.1.4-6.el6.i686
安装 python-dmidecode-3.10.12-1.el6.i686
安装 blktrace-1.0.1-3.1.el6.i686
安装 abrt-addon-python-1.1.13-4.el6.i686
安装 python-ldap-2.3.10-1.el6.i686
安装 yum-metadata-parser-1.1.2-14.1.el6.i686
安装 pygpgme-0.1-18.20090824bzr68.el6.i686
安装 m2crypto-0.20.2-7.el6.i686
安装 wpa_supplicant-0.6.8-10.el6.i686
安装 pyorbit-2.24.0-5.el6.i686
安装 python-crypto-2.0.1-22.el6.i686
安装 python-pycurl-7.19.0-5.el6.i686
安装 pyOpenSSL-0.10-2.el6.i686
安装 SDL-1.2.14-2.el6.i686
安装 theora-tools-1.1.0-2.el6.i686
安装 liboil-0.3.16-4.1.el6.i686
安装 libvisual-0.4.0-9.1.el6.i686
安装 gstreamer-plugins-base-0.10.29-1.el6.i686
安装 libmcpp-2.7.2-4.1.el6.i686
安装 mcpp-2.7.2-4.1.el6.i686
安装 xorg-x11-server-utils-7.4-15.el6.i686
安装 xorg-x11-xinit-1.0.9-13.el6.i686
安装 xdg-user-dirs-0.12-4.el6.i686
安装 xorg-x11-xdm-1.1.6-14.1.el6.i686
安装 libhugetlbfs-utils-2.8-2.el6.i686
安装 vim-enhanced-7.2.411-1.4.el6.i686
安装 gdb-7.1-29.el6.i686
安装 elinks-0.12-0.20.pre5.el6.i686
安装 rpm-build-4.8.0-12.el6.i686
安装 crypto-utils-2.4.1-24.2.el6.i686
安装 bind-utils-9.7.0-5.P2.el6.i686
安装 pinentry-qt-0.7.6-5.el6.i686
安装 tcpdump-4.0.0-3.20090921gitdf3cb4.1.el6.i686
安装 perl-Crypt-SSLeay-0.57-16.el6.i686
安装 pam_passwdqc-1.0.5-6.el6.i686
安装 psacct-6.3.2-63.el6.i686
安装 tcsh-6.17-8.el6.i686
安装 audit-2.0.4-1.el6.i686
安装 cifs-utils-4.4-5.el6.i686
安装 valgrind-3.5.0-18.el6.i686
安装 numactl-2.0.3-9.el6.i686
安装 patchutils-0.3.1-3.1.el6.i686
安装 ntsysv-1.3.47-1.el6.i686
安装 xsettings-kde-0.11-1.el6.i686
安装 efibootmgr-0.5.4-8.el6.i686
安装 rcs-5.7-37.el6.i686
安装 flex-2.5.35-8.el6.i686
安装 bison-2.4.1-5.el6.i686
安装 irqbalance-0.55-27.el6.i686
安装 oprofile-0.9.6-7.el6.i686
安装 mlocate-0.22.2-3.el6.i686
安装 ltrace-0.5-16.45svn.1.el6.i686
安装 attr-2.4.44-4.el6.i686
安装 nfs4-acl-tools-0.3.3-5.el6.i686
安装 lsof-4.82-1.2.el6.i686
安装 cyrus-sasl-plain-2.1.23-8.el6.i686
安装 nano-2.0.9-7.el6.i686
安装 indent-2.2.10-5.1.el6.i686
安装 doxygen-1.6.1-4.el6.i686
安装 swig-1.3.40-5.el6.i686
安装 cscope-15.6-6.el6.i686
安装 mtr-0.75-5.el6.i686
安装 powertop-1.11-3.1.el6.i686
安装 traceroute-2.0.14-2.el6.i686
安装 setserial-2.17-25.el6.i686
安装 vconfig-1.9-8.1.el6.i686
安装 dosfstools-3.0.9-3.el6.i686
安装 rfkill-0.3-4.el6.i686
安装 rdate-1.4-16.el6.i686
安装 bridge-utils-1.2-9.el6.i686
安装 strace-4.5.19-1.6.el6.i686
安装 b43-fwcutter-012-2.2.el6.i686
安装 latrace-0.5.9-2.el6.i686
安装 trace-cmd-1.0.4-7.el6.i686
安装 crash-trace-command-1.0-3.el6.i686
安装 libtopology-0.3-7.el6.i686
安装 byacc-1.9.20070509-6.1.el6.i686
安装 diffstat-1.51-2.el6.i686
安装 ctags-5.8-2.el6.i686
安装 kde-filesystem-4-30.1.el6.noarch
安装 perl-Locale-Maketext-Simple-0.18-115.el6.i686
安装 perl-Params-Check-0.26-115.el6.i686
安装 xdg-utils-1.0.2-15.20091016cvs.el6.noarch
安装 perl-ExtUtils-MakeMaker-6.55-115.el6.i686
安装 perl-Test-Harness-3.17-115.el6.i686
安装 perl-devel-5.10.1-115.el6.i686
安装 perl-ExtUtils-ParseXS-2.2003.0-115.el6.i686
安装 hwdata-0.233-1.el6.noarch
安装 redhat-logos-60.0.14-1.el6.noarch
安装 hicolor-icon-theme-0.11-1.1.el6.noarch
安装 perl-Module-Load-0.16-115.el6.i686
安装 perl-Module-Load-Conditional-0.30-115.el6.i686
安装 perl-IPC-Cmd-0.56-115.el6.i686
安装 perl-Log-Message-0.02-115.el6.i686
安装 oxygen-icon-theme-4.3.4-2.el6.noarch
安装 perl-IO-Compress-Base-2.020-115.el6.i686
安装 perl-Package-Constants-0.02-115.el6.i686
安装 perl-URI-1.40-2.el6.noarch
安装 libao-0.8.8-7.1.el6.i686
安装 perl-IO-Compress-Zlib-2.020-115.el6.i686
安装 perl-Compress-Zlib-2.020-115.el6.i686
安装 perl-IO-Zlib-1.09-115.el6.i686
安装 perl-Archive-Tar-1.58-115.el6.i686
安装 perl-Log-Message-Simple-0.04-115.el6.i686
安装 perl-Term-UI-0.20-115.el6.i686
安装 perl-Archive-Extract-0.38-115.el6.i686
安装 perl-File-Fetch-0.26-115.el6.i686
安装 perl-ExtUtils-CBuilder-0.27-115.el6.i686
安装 perl-Object-Accessor-0.34-115.el6.i686
安装 kde-l10n-4.3.4-5.el6.noarch
安装 python-iniparse-0.3.1-2.1.el6.noarch
安装 jpackage-utils-1.7.5-3.12.el6.noarch
安装 plymouth-scripts-0.8.3-17.el6.i686
安装 autoconf-2.63-5.1.el6.noarch
安装 automake-1.11.1-1.2.el6.noarch
安装 perl-Error-0.17015-4.el6.noarch
安装 kdelibs-common-4.3.4-10.el6.i686
安装 perl-Module-CoreList-2.18-115.el6.i686
安装 perl-Module-Loaded-0.02-115.el6.i686
安装 perl-Module-Build-0.3500-115.el6.i686
安装 libao-devel-0.8.8-7.1.el6.i686
安装 perl-Test-Simple-0.92-115.el6.i686
安装 perl-ExtUtils-Embed-1.28-115.el6.i686
安装 perl-CPAN-1.9402-115.el6.i686
安装 kdebase-workspace-wallpapers-4.3.4-19.el6.noarch
安装 kde-settings-kdm-4.3.1-1.el6.noarch
安装 rhnlib-2.5.22-9.el6.noarch
安装 rhn-client-tools-1.0.0-38.el6.noarch
安装 python-urlgrabber-3.9.1-7.el6.noarch
安装 yum-3.2.27-14.el6.noarch
安装 yum-utils-1.1.26-11.el6.noarch
安装 python-paramiko-1.7.5-2.1.el6.noarch
安装 sos-2.2-2.el6.noarch
安装 system-config-firewall-base-1.2.27-1.el6.noarch
安装 pyxdg-0.18-1.el6.noarch
安装 python-dateutil-1.4.1-6.el6.noarch
安装 pytz-2010h-2.el6.noarch
安装 libproxy-python-0.3.0-2.el6.i686
安装 libproxy-0.3.0-2.el6.i686
安装 libproxy-bin-0.3.0-2.el6.i686
安装 python-setuptools-0.6.10-3.el6.noarch
安装 python-nose-0.10.4-3.1.el6.noarch
安装 urw-fonts-2.4-10.el6.noarch
安装 ghostscript-fonts-5.50-23.1.el6.noarch
安装 sgml-common-0.6.3-32.el6.noarch
安装 jline-0.9.94-0.8.el6.noarch
安装 rhino-1.7-0.7.r2.2.el6.noarch
安装 sound-theme-freedesktop-0.7-3.el6.noarch
安装 perl-DBD-SQLite-1.27-3.el6.i686
安装 perl-DBIx-Simple-1.32-3.el6.noarch
安装 perl-parent-0.221-115.el6.i686
安装 perl-Parse-CPAN-Meta-1.40-115.el6.i686
安装 perl-CPANPLUS-0.88-115.el6.i686
安装 perl-HTML-Tagset-3.20-4.el6.noarch
安装 perl-HTML-Parser-3.64-2.el6.i686
安装 perl-libwww-perl-5.833-2.el6.noarch
安装 redhat-menus-14.0.0-3.el6.noarch
安装 kernel-devel-2.6.32-71.el6.i686
安装 ctapi-common-1.1-6.1.el6.i686
安装 libstdc++-devel-4.4.4-13.el6.i686
安装 liberation-sans-fonts-1.05.1.20090721-4.el6.noarch
安装 glibc-headers-2.12-1.7.el6.i686
安装 glibc-devel-2.12-1.7.el6.i686
安装 dejavu-sans-fonts-2.30-2.el6.noarch
安装 perl-core-5.10.1-115.el6.i686
安装 system-config-firewall-tui-1.2.27-1.el6.noarch
安装 cas-0.15-1.el6.1.noarch
安装 kde-l10n-Chinese-Traditional-4.3.4-5.el6.noarch
安装 kde-l10n-Chinese-4.3.4-5.el6.noarch
安装 grub-0.97-68.el6.i686
安装 Red_Hat_Enterprise_Linux-Release_Notes-6-en-US-1-21.el6.noarch
安装 Red_Hat_Enterprise_Linux-Release_Notes-6-zh-CN-1-21.el6.noarch
安装 Red_Hat_Enterprise_Linux-Release_Notes-6-zh-TW-1-21.el6.noarch
安装 kde-i18n-Chinese-3.5.10-11.el6.noarch
安装 kde-i18n-Chinese-Big5-3.5.10-11.el6.noarch
安装 iotop-0.3.2-3.el6.noarch
安装 dstat-0.7.0-1.el6.noarch
安装 man-pages-overrides-1.0-1.el6.noarch
安装 redhat-rpm-config-9.0.3-25.el6.noarch
安装 perl-XML-Dumper-0.81-6.el6.noarch
安装 perf-2.6.32-71.el6.noarch
安装 wqy-zenhei-fonts-0.9.45-3.el6.noarch
安装 gtk2-2.18.9-4.el6.i686
安装 iputils-20071127-13.el6.i686
安装 util-linux-ng-2.17.2-6.el6.i686
安装 initscripts-9.03.17-1.el6.i686
安装 udev-147-2.29.el6.i686
安装 GConf2-2.28.0-6.el6.i686
安装 httpd-2.2.15-5.el6.i686
安装 libglade2-2.6.4-3.1.el6.i686
安装 libgnomecanvas-2.26.0-4.el6.i686
安装 pygtk2-2.16.0-3.el6.i686
安装 usermode-1.102-3.el6.i686
安装 gcc-4.4.4-13.el6.i686
安装 device-mapper-libs-1.02.53-8.el6.i686
安装 device-mapper-1.02.53-8.el6.i686
安装 device-mapper-event-libs-1.02.53-8.el6.i686
安装 perl-XML-Parser-2.36-7.el6.i686
安装 device-mapper-event-1.02.53-8.el6.i686
安装 kpartx-0.4.9-31.el6.i686
安装 usermode-gtk-1.102-3.el6.i686
安装 gnome-keyring-2.28.2-6.el6.i686
安装 kbd-1.15-11.el6.i686
安装 openssh-5.3p1-20.el6.i686
安装 libgxim-0.3.3-3.1.el6.i686
安装 imsettings-libs-0.108.0-3.4.el6.i686
安装 libcanberra-0.22-1.el6.i686
安装 ghostscript-8.70-6.el6.i686
安装 libspectre-0.2.4-1.el6.i686
安装 libcanberra-gtk2-0.22-1.el6.i686
安装 openssh-clients-5.3p1-20.el6.i686
安装 perl-Git-1.7.1-2.el6.noarch
安装 git-1.7.1-2.el6.i686
安装 dmraid-events-1.0.0.rc16-10.el6.i686
安装 dmraid-1.0.0.rc16-10.el6.i686
安装 lvm2-libs-2.02.72-8.el6.i686
安装 cryptsetup-luks-libs-1.1.2-2.el6.i686
安装 cryptsetup-luks-1.1.2-2.el6.i686
安装 pm-utils-1.2.5-9.el6.i686
安装 hal-info-20090716-3.1.el6.noarch
安装 hal-0.5.14-8.el6.i686
安装 libgpod-0.7.2-6.el6.i686
安装 hal-storage-addon-0.5.14-8.el6.i686
安装 pygtk2-libglade-2.16.0-3.el6.i686
安装 libgsf-1.14.15-5.el6.i686
安装 librsvg2-2.26.0-5.el6.i686
安装 ImageMagick-6.5.4.7-5.el6.i686
安装 mdadm-3.1.3-1.el6.i686
安装 cups-1.4.2-35.el6.i686
安装 crda-1.1.1_2009.11.25-3.el6.i686
安装 wireless-tools-29-5.1.1.el6.i686
安装 python-iwlib-0.1-1.2.el6.i686
安装 sane-backends-libs-1.0.21-3.el6.i686
安装 sane-backends-1.0.21-3.el6.i686
安装 openct-0.6.19-4.el6.i686
安装 pcsc-lite-1.5.2-6.el6.i686
安装 pcsc-lite-openct-0.6.19-4.el6.i686
安装 rdesktop-1.6.0-8.el6.i686
安装 rsyslog-4.6.2-2.el6.i686
安装 dhclient-4.1.1-12.P1.el6.i686
安装 yp-tools-2.9-10.el6.i686
安装 ypbind-1.20.4-29.el6.i686
安装 sssd-1.2.1-28.el6.i686
安装 libcgroup-0.36.1-6.el6.i686
安装 policycoreutils-2.0.83-19.1.el6.i686
安装 nss-pam-ldapd-0.7.5-3.el6.i686
安装 certmonger-0.24-4.el6.i686
安装 oddjob-0.30-1.el6.i686
安装 cyrus-sasl-2.1.23-8.el6.i686
安装 postfix-2.6.6-2.el6.i686
安装 crontabs-1.10-32.1.el6.noarch
安装 cronie-anacron-1.4.4-2.el6.i686
安装 cronie-1.4.4-2.el6.i686
安装 samba-common-3.5.4-68.el6.i686
安装 dnsmasq-2.48-4.el6.i686
安装 NetworkManager-0.8.1-5.el6.i686
安装 mysql-server-5.1.47-4.el6.i686
安装 akonadi-1.2.1-2.el6.i686
安装 ntpdate-4.2.4p8-2.el6.i686
安装 ntp-4.2.4p8-2.el6.i686
安装 avahi-0.6.25-8.el6.i686
安装 avahi-glib-0.6.25-8.el6.i686
安装 gnome-vfs2-2.24.2-6.el6.i686
安装 nfs-utils-lib-1.1.5-1.el6.i686
安装 nfs-utils-1.2.2-7.el6.i686
安装 gnome-bluetooth-libs-2.28.6-8.el6.i686
安装 polkit-gnome-0.96-3.el6.i686
安装 libfprint-0.1.0-19.pre2.el6.i686
安装 fprintd-0.1-19.git04fd09cfa.el6.i686
安装 libgcj-4.4.4-13.el6.i686
安装 gettext-devel-0.17-16.el6.i686
安装 libwnck-2.28.0-2.el6.i686
安装 notification-daemon-0.5.0-1.el6.i686
安装 libnotify-0.5.0-1.el6.i686
安装 notify-python-0.1.1-10.el6.i686
安装 imsettings-0.108.0-3.4.el6.i686
安装 gtk2-engines-2.18.4-5.el6.i686
安装 numpy-1.3.0-6.2.el6.i686
安装 python-matplotlib-0.99.1.2-1.el6.i686
安装 neon-0.29.3-1.2.el6.i686
安装 abrt-plugin-sosreport-1.1.13-4.el6.i686
安装 abrt-addon-ccpp-1.1.13-4.el6.i686
安装 cdrdao-1.2.3-4.el6.i686
安装 pciutils-3.1.4-9.el6.i686
安装 abrt-cli-1.1.13-4.el6.i686
安装 subversion-1.6.11-2.el6.i686
安装 fprintd-pam-0.1-19.git04fd09cfa.el6.i686
安装 ipa-client-2.0-9.el6.i686
安装 samba-client-3.5.4-68.el6.i686
安装 sysstat-9.0.4-11.el6.i686
安装 webalizer-2.21_02-3.3.el6.i686
安装 oddjob-mkhomedir-0.30-1.el6.i686
安装 lvm2-2.02.72-8.el6.i686
安装 openssh-server-5.3p1-20.el6.i686
安装 parted-2.1-10.el6.i686
安装 gcc-c++-4.4.4-13.el6.i686
安装 gcc-gfortran-4.4.4-13.el6.i686
安装 setuptool-1.19.9-3.el6.i686
安装 mod_ssl-2.2.15-5.el6.i686
安装 mod_perl-2.0.4-10.el6.i686
安装 mod_wsgi-3.2-1.el6.i686
安装 quota-3.17-10.el6.i686
安装 acpid-1.0.10-2.1.el6.i686
安装 rng-tools-2-8.el6.i686
安装 readahead-1.5.6-1.el6.i686
安装 microcode_ctl-1.17-3.el6.i686
安装 cpuspeed-1.5-15.el6.i686
安装 smartmontools-5.39.1-2.el6.i686
安装 prelink-0.4.3-4.el6.i686
安装 latencytop-0.5-3.el6.i686
安装 java-1.6.0-openjdk-1.6.0.0-1.21.b17.el6.i686
安装 usbutils-0.86-2.el6.i686
安装 pinfo-0.6.9-12.el6.i686
安装 gnome-python2-2.28.0-3.el6.i686
安装 kde-settings-4.3.1-1.el6.noarch
安装 libdrm-2.4.20-2.el6.i686
安装 plymouth-0.8.3-17.el6.i686
安装 dracut-004-32.el6.noarch
安装 dracut-kernel-004-32.el6.noarch
安装 kernel-2.6.32-71.el6.i686
安装 yum-rhn-plugin-0.9.1-5.el6.noarch
安装 rhn-check-1.0.0-38.el6.noarch
安装 rhnsd-4.9.3-2.el6.i686
安装 rhn-setup-1.0.0-38.el6.noarch
安装 gnome-icon-theme-2.28.0-2.el6.noarch
安装 gnome-themes-2.28.1-6.el6.noarch
安装 system-icon-theme-6.0.0-2.el6.noarch
安装 system-gnome-theme-60.0.2-1.el6.noarch
安装 selinux-policy-3.7.19-54.el6.noarch
安装 perl-libxml-perl-0.08-10.el6.noarch
安装 unicap-0.9.5-4.el6.i686
安装 perl-XML-Grove-0.46alpha-40.el6.noarch
安装 selinux-policy-targeted-3.7.19-54.el6.noarch
安装 system-config-network-tui-1.6.0.el6.2-1.el6.noarch
安装 seekwatcher-0.12-4.1.el6.noarch
安装 intltool-0.41.0-1.1.el6.noarch
安装 redhat-lsb-4.0-2.1.el6.i686
安装 perl-XML-Twig-3.34-1.el6.noarch
安装 libtool-2.2.6-15.5.el6.i686
安装 httpd-manual-2.2.15-5.el6.noarch
安装 bfa-firmware-2.1.2.1-2.el6.noarch
安装 iwl5150-firmware-8.24.2.2-1.el6.noarch
安装 iwl6050-firmware-9.201.4.1-2.el6.noarch
安装 b43-openfwwf-5.2-4.el6.noarch
安装 iwl6000-firmware-9.176.4.1-2.el6.noarch
安装 aic94xx-firmware-30-2.el6.noarch
安装 libgnome-2.28.0-11.el6.i686
安装 libbonoboui-2.24.2-3.el6.i686
安装 pulseaudio-0.9.21-13.el6.i686
安装 libgnomeui-2.24.1-4.el6.i686
安装 kdelibs3-3.5.10-23.el6.i686
安装 k3b-common-1.0.5-13.el6.noarch
安装 k3b-1.0.5-13.el6.i686
安装 k3b-libs-1.0.5-13.el6.i686
安装 im-chooser-1.3.1-2.el6.i686
安装 ibus-gtk-1.3.4-3.el6.i686
安装 ibus-1.3.4-3.el6.i686
安装 alsa-plugins-pulseaudio-1.0.21-3.el6.i686
安装 pulseaudio-module-x11-0.9.21-13.el6.i686
安装 gnome-python2-bonobo-2.28.0-3.el6.i686
安装 opencv-2.0.0-9.el6.i686
安装 systemtap-runtime-1.2-9.el6.i686
安装 mesa-dri-drivers-7.7-2.el6.i686
安装 mesa-libGL-7.7-2.el6.i686
安装 mesa-libGLU-7.7-2.el6.i686
安装 qt-x11-4.6.2-16.el6.i686
安装 phonon-backend-gstreamer-4.6.2-16.el6.i686
安装 kdelibs-4.3.4-10.el6.i686
安装 kdepimlibs-4.3.4-4.el6.i686
安装 kdelibs-experimental-4.3.4-3.el6.i686
安装 qimageblitz-0.0.4-1.el6.i686
安装 kdegraphics-libs-4.3.4-6.el6.i686
安装 kdepimlibs-akonadi-4.3.4-4.el6.i686
安装 kdebase-libs-4.3.4-4.el6.i686
安装 kdepim-libs-4.3.4-5.el6.i686
安装 kdepim-4.3.4-5.el6.i686
安装 kdepim-runtime-4.3.4-4.el6.i686
安装 kdepim-runtime-libs-4.3.4-4.el6.i686
安装 kipi-plugins-0.8.0-5.el6.i686
安装 kipi-plugins-libs-0.8.0-5.el6.i686
安装 kdenetwork-libs-4.3.4-10.el6.i686
安装 kdeutils-4.3.4-6.el6.i686
安装 kdeutils-libs-4.3.4-6.el6.i686
安装 kdebase-runtime-4.3.4-9.el6.i686
安装 kdebase-runtime-libs-4.3.4-9.el6.i686
安装 kdeaccessibility-4.3.4-4.el6.i686
安装 kdeaccessibility-libs-4.3.4-4.el6.i686
安装 kio_sysinfo-20090930-1.el6.i686
安装 kdebase-workspace-libs-4.3.4-19.el6.i686
安装 kdebase-workspace-4.3.4-19.el6.i686
安装 kdebase-4.3.4-4.el6.i686
安装 kdeplasma-addons-4.3.4-5.el6.i686
安装 kdeplasma-addons-libs-4.3.4-5.el6.i686
安装 kdegames-libs-4.3.4-5.el6.i686
安装 kdemultimedia-libs-4.3.4-3.el6.i686
安装 poppler-qt4-0.12.4-3.el6.i686
安装 gnome-python2-canvas-2.28.0-3.el6.i686
安装 gnome-python2-gnomevfs-2.28.0-3.el6.i686
安装 gnome-python2-gnome-2.28.0-3.el6.i686
安装 kdegraphics-4.3.4-6.el6.i686
安装 kdemultimedia-4.3.4-3.el6.i686
安装 kdegames-4.3.4-5.el6.i686
安装 konq-plugins-4.3.3-5.el6.i686
安装 kdeartwork-screensavers-4.3.4-6.el6.i686
安装 kdm-4.3.4-19.el6.i686
安装 kdenetwork-4.3.4-10.el6.i686
安装 kdeadmin-4.3.4-4.el6.i686
安装 kiconedit-4.3.3-1.el6.i686
安装 kcoloredit-4.3.3-2.el6.i686
安装 kmid-2.0-0.14.20080213svn.el6.i686
安装 ksshaskpass-0.5.1-4.1.el6.i686
安装 ksig-1.1-0.10.20080213.el6.i686
安装 ibus-qt-1.3.0-2.el6.i686
安装 systemtap-1.2-9.el6.i686
安装 NetworkManager-gnome-0.8.1-5.el6.i686
安装 pcmciautils-015-4.2.el6.i686
安装 autofs-5.0.5-23.el6.i686
安装 kexec-tools-2.0.0-145.el6.i686
安装 ibus-table-1.2.0.20100111-4.el6.noarch
安装 ibus-table-cangjie-1.2.0.20100210-1.el6.noarch
安装 ibus-table-erbi-1.2.0.20090901-6.el6.noarch
安装 ibus-table-wubi-1.2.0.20090715-8.el6.noarch
安装 rhn-setup-gnome-1.0.0-38.el6.noarch
安装 kde-settings-pulseaudio-4.3.1-1.el6.noarch
*** FINISHED INSTALLING PACKAGES ***